2023-10-26 10:37:03.187  INFO 12652 --- [main] M.ManufacturerAssignmentApplicationTests : Starting ManufacturerAssignmentApplicationTests using Java 15.0.1 on DESKTOP-G8J2NOJ with PID 12652 (started by ANIKET KAKLIJ in C:\Aniket\practice\ManufacturerAssignment\ManufacturerAssignment)
2023-10-26 10:37:03.189 DEBUG 12652 --- [main] M.ManufacturerAssignmentApplicationTests : Running with Spring Boot v2.7.16, Spring v5.3.30
2023-10-26 10:37:03.191  INFO 12652 --- [main] M.ManufacturerAssignmentApplicationTests : No active profile set, falling back to 1 default profile: "default"
2023-10-26 10:37:06.921  INFO 12652 --- [main] .s.d.r.c.RepositoryConfigurationDelegate : Bootstrapping Spring Data JPA repositories in DEFAULT mode.
2023-10-26 10:37:07.227  INFO 12652 --- [main] .s.d.r.c.RepositoryConfigurationDelegate : Finished Spring Data repository scanning in 279 ms. Found 2 JPA repository interfaces.
2023-10-26 10:37:12.543  INFO 12652 --- [main] o.hibernate.jpa.internal.util.LogHelper  : HHH000204: Processing PersistenceUnitInfo [name: default]
2023-10-26 10:37:12.731  INFO 12652 --- [main] org.hibernate.Version                    : HHH000412: Hibernate ORM core version 5.6.15.Final
2023-10-26 10:37:13.573  INFO 12652 --- [main] o.hibernate.annotations.common.Version   : HCANN000001: Hibernate Commons Annotations {5.1.2.Final}
2023-10-26 10:37:15.054  INFO 12652 --- [main] com.zaxxer.hikari.HikariDataSource       : HikariPool-1 - Starting...
2023-10-26 10:37:17.622  INFO 12652 --- [main] com.zaxxer.hikari.HikariDataSource       : HikariPool-1 - Start completed.
2023-10-26 10:37:17.667  INFO 12652 --- [main] org.hibernate.dialect.Dialect            : HHH000400: Using dialect: org.hibernate.dialect.MySQL5InnoDBDialect
2023-10-26 10:37:20.090  INFO 12652 --- [main] org.hibernate.tuple.PojoInstantiator     : HHH000182: No default (no-argument) constructor for class: com.ManufactureAssignment.ManufacturerAssignment.entity.Manufacturer (class must be instantiated by Interceptor)
2023-10-26 10:37:20.754  INFO 12652 --- [main] org.hibernate.tuple.PojoInstantiator     : HHH000182: No default (no-argument) constructor for class: com.ManufactureAssignment.ManufacturerAssignment.entity.UserRoles (class must be instantiated by Interceptor)
2023-10-26 10:37:21.562  INFO 12652 --- [main] o.h.e.t.j.p.i.JtaPlatformInitiator       : HHH000490: Using JtaPlatform implementation: [org.hibernate.engine.transaction.jta.platform.internal.NoJtaPlatform]
2023-10-26 10:37:21.578  INFO 12652 --- [main] j.LocalContainerEntityManagerFactoryBean : Initialized JPA EntityManagerFactory for persistence unit 'default'
2023-10-26 10:37:26.053  WARN 12652 --- [main] JpaBaseConfiguration$JpaWebConfiguration : spring.jpa.open-in-view is enabled by default. Therefore, database queries may be performed during view rendering. Explicitly configure spring.jpa.open-in-view to disable this warning
2023-10-26 10:37:29.624  INFO 12652 --- [main] o.s.s.web.DefaultSecurityFilterChain     : Will secure any request with [org.springframework.security.web.session.DisableEncodeUrlFilter@76eee0b1, org.springframework.security.web.context.request.async.WebAsyncManagerIntegrationFilter@2119b989, org.springframework.security.web.context.SecurityContextPersistenceFilter@49322d04, org.springframework.security.web.header.HeaderWriterFilter@281963c, org.springframework.security.web.csrf.CsrfFilter@67e21ea2, org.springframework.security.web.authentication.logout.LogoutFilter@62871522, org.springframework.security.web.authentication.www.BasicAuthenticationFilter@257d3968, org.springframework.security.web.savedrequest.RequestCacheAwareFilter@56b48163, org.springframework.security.web.servletapi.SecurityContextHolderAwareRequestFilter@6f7a65e, org.springframework.security.web.authentication.AnonymousAuthenticationFilter@73905dff, org.springframework.security.web.session.SessionManagementFilter@106edde4, org.springframework.security.web.access.ExceptionTranslationFilter@5dff108c, org.springframework.security.web.access.intercept.FilterSecurityInterceptor@29ae2517]
2023-10-26 10:37:36.311  WARN 12652 --- [main] .s.s.UserDetailsServiceAutoConfiguration : 

Using generated security password: 9d0caae9-bd93-4238-8581-75bd57fb3175

This generated password is for development use only. Your security configuration must be updated before running your application in production.

2023-10-26 10:37:36.930  INFO 12652 --- [main] M.ManufacturerAssignmentApplicationTests : Started ManufacturerAssignmentApplicationTests in 35.462 seconds (JVM running for 40.412)
2023-10-26 10:37:39.570  INFO 12652 --- [SpringApplicationShutdownHook] j.LocalContainerEntityManagerFactoryBean : Closing JPA EntityManagerFactory for persistence unit 'default'
2023-10-26 10:37:39.611  INFO 12652 --- [SpringApplicationShutdownHook] com.zaxxer.hikari.HikariDataSource       : HikariPool-1 - Shutdown initiated...
2023-10-26 10:37:39.702  INFO 12652 --- [SpringApplicationShutdownHook] com.zaxxer.hikari.HikariDataSource       : HikariPool-1 - Shutdown completed.
